c:\users\pc\desktop\juego\juego\debug\vc120.pdb
c:\users\pc\desktop\juego\juego\debug\zonas.obj
c:\users\pc\desktop\juego\juego\debug\pokemon.obj
c:\users\pc\desktop\juego\juego\debug\objetoanimado.obj
c:\users\pc\desktop\juego\juego\debug\myform.obj
c:\users\pc\desktop\juego\juego\debug\marco.obj
c:\users\pc\desktop\juego\juego\debug\mapa.obj
c:\users\pc\desktop\juego\juego\debug\juego.obj
c:\users\pc\desktop\juego\juego\debug\gimnasio.obj
c:\users\pc\desktop\juego\juego\debug\arregloobjetoanimado.obj
c:\users\pc\desktop\juego\juego\debug\.netframework,version=v4.5.assemblyattributes.obj
c:\users\pc\desktop\juego\juego\debug\pokemoneleccion.obj
c:\users\pc\desktop\juego\juego\debug\arreglopokemon.obj
c:\users\pc\desktop\juego\juego\debug\juego.myform.resources
c:\users\pc\desktop\juego\juego\debug\juego.vcxproj.generateresource.cache
c:\users\pc\desktop\juego\juego\debug\juego.vcxprojresolveassemblyreference.cache
c:\users\pc\desktop\juego\debug\pokemonjuego.pdb
c:\users\pc\desktop\juego\debug\pokemonjuego.exe
c:\users\pc\desktop\juego\juego\debug\pokemonjuego.tlog\cl.command.1.tlog
c:\users\pc\desktop\juego\juego\debug\pokemonjuego.tlog\cl.read.1.tlog
c:\users\pc\desktop\juego\juego\debug\pokemonjuego.tlog\cl.write.1.tlog
c:\users\pc\desktop\juego\juego\debug\pokemonjuego.tlog\link.command.1.tlog
c:\users\pc\desktop\juego\juego\debug\pokemonjuego.tlog\link.read.1.tlog
c:\users\pc\desktop\juego\juego\debug\pokemonjuego.tlog\link.write.1.tlog
c:\users\pc\desktop\juego\juego\debug\pokemonjuego.tlog\metagen.read.1.tlog
c:\users\pc\desktop\juego\juego\debug\pokemonjuego.tlog\metagen.write.1.tlog
c:\users\pc\desktop\juego\juego\debug\pokemonjuego.tlog\pokemonjuego.write.1u.tlog
c:\users\pc\desktop\juego\juego\debug\pokemonjuego.tlog\rsaenh.dll.bi
c:\users\pc\desktop\juego\juego\debug\pokemonjuego.tlog\tzres.dll.bi
